c:\users\ampac\documents\git_repositorios\ucm_repos\fightertraighter\mf-fightertraighter\mf-fightertraighter\x64\debug\vc142.pdb
c:\users\ampac\documents\git_repositorios\ucm_repos\fightertraighter\mf-fightertraighter\mf-fightertraighter\x64\debug\vc142.idb
c:\users\ampac\documents\git_repositorios\ucm_repos\fightertraighter\mf-fightertraighter\mf-fightertraighter\x64\debug\vector2d.nativecodeanalysis.sarif
c:\users\ampac\documents\git_repositorios\ucm_repos\fightertraighter\mf-fightertraighter\mf-fightertraighter\x64\debug\vector2d.nativecodeanalysis.xml
c:\users\ampac\documents\git_repositorios\ucm_repos\fightertraighter\mf-fightertraighter\mf-fightertraighter\x64\debug\transform.nativecodeanalysis.sarif
c:\users\ampac\documents\git_repositorios\ucm_repos\fightertraighter\mf-fightertraighter\mf-fightertraighter\x64\debug\transform.nativecodeanalysis.xml
c:\users\ampac\documents\git_repositorios\ucm_repos\fightertraighter\mf-fightertraighter\mf-fightertraighter\x64\debug\training.nativecodeanalysis.sarif
c:\users\ampac\documents\git_repositorios\ucm_repos\fightertraighter\mf-fightertraighter\mf-fightertraighter\x64\debug\training.nativecodeanalysis.xml
c:\users\ampac\documents\git_repositorios\ucm_repos\fightertraighter\mf-fightertraighter\mf-fightertraighter\x64\debug\texture.nativecodeanalysis.sarif
c:\users\ampac\documents\git_repositorios\ucm_repos\fightertraighter\mf-fightertraighter\mf-fightertraighter\x64\debug\texture.nativecodeanalysis.xml
c:\users\ampac\documents\git_repositorios\ucm_repos\fightertraighter\mf-fightertraighter\mf-fightertraighter\x64\debug\skillselection.nativecodeanalysis.sarif
c:\users\ampac\documents\git_repositorios\ucm_repos\fightertraighter\mf-fightertraighter\mf-fightertraighter\x64\debug\skillselection.nativecodeanalysis.xml
c:\users\ampac\documents\git_repositorios\ucm_repos\fightertraighter\mf-fightertraighter\mf-fightertraighter\x64\debug\renderimage.nativecodeanalysis.sarif
c:\users\ampac\documents\git_repositorios\ucm_repos\fightertraighter\mf-fightertraighter\mf-fightertraighter\x64\debug\renderimage.nativecodeanalysis.xml
c:\users\ampac\documents\git_repositorios\ucm_repos\fightertraighter\mf-fightertraighter\mf-fightertraighter\x64\debug\renderanimation.nativecodeanalysis.sarif
c:\users\ampac\documents\git_repositorios\ucm_repos\fightertraighter\mf-fightertraighter\mf-fightertraighter\x64\debug\renderanimation.nativecodeanalysis.xml
c:\users\ampac\documents\git_repositorios\ucm_repos\fightertraighter\mf-fightertraighter\mf-fightertraighter\x64\debug\pausemenu.nativecodeanalysis.sarif
c:\users\ampac\documents\git_repositorios\ucm_repos\fightertraighter\mf-fightertraighter\mf-fightertraighter\x64\debug\pausemenu.nativecodeanalysis.xml
c:\users\ampac\documents\git_repositorios\ucm_repos\fightertraighter\mf-fightertraighter\mf-fightertraighter\x64\debug\mainmenu.nativecodeanalysis.sarif
c:\users\ampac\documents\git_repositorios\ucm_repos\fightertraighter\mf-fightertraighter\mf-fightertraighter\x64\debug\mainmenu.nativecodeanalysis.xml
c:\users\ampac\documents\git_repositorios\ucm_repos\fightertraighter\mf-fightertraighter\mf-fightertraighter\x64\debug\main.nativecodeanalysis.sarif
c:\users\ampac\documents\git_repositorios\ucm_repos\fightertraighter\mf-fightertraighter\mf-fightertraighter\x64\debug\main.nativecodeanalysis.xml
c:\users\ampac\documents\git_repositorios\ucm_repos\fightertraighter\mf-fightertraighter\mf-fightertraighter\x64\debug\gamestate.nativecodeanalysis.sarif
c:\users\ampac\documents\git_repositorios\ucm_repos\fightertraighter\mf-fightertraighter\mf-fightertraighter\x64\debug\gamestate.nativecodeanalysis.xml
c:\users\ampac\documents\git_repositorios\ucm_repos\fightertraighter\mf-fightertraighter\mf-fightertraighter\x64\debug\fight.nativecodeanalysis.sarif
c:\users\ampac\documents\git_repositorios\ucm_repos\fightertraighter\mf-fightertraighter\mf-fightertraighter\x64\debug\fight.nativecodeanalysis.xml
c:\users\ampac\documents\git_repositorios\ucm_repos\fightertraighter\mf-fightertraighter\mf-fightertraighter\x64\debug\entity.nativecodeanalysis.sarif
c:\users\ampac\documents\git_repositorios\ucm_repos\fightertraighter\mf-fightertraighter\mf-fightertraighter\x64\debug\entity.nativecodeanalysis.xml
c:\users\ampac\documents\git_repositorios\ucm_repos\fightertraighter\mf-fightertraighter\mf-fightertraighter\x64\debug\component.nativecodeanalysis.sarif
c:\users\ampac\documents\git_repositorios\ucm_repos\fightertraighter\mf-fightertraighter\mf-fightertraighter\x64\debug\component.nativecodeanalysis.xml
c:\users\ampac\documents\git_repositorios\ucm_repos\fightertraighter\mf-fightertraighter\mf-fightertraighter\x64\debug\characterselection.nativecodeanalysis.sarif
c:\users\ampac\documents\git_repositorios\ucm_repos\fightertraighter\mf-fightertraighter\mf-fightertraighter\x64\debug\characterselection.nativecodeanalysis.xml
c:\users\ampac\documents\git_repositorios\ucm_repos\fightertraighter\mf-fightertraighter\mf-fightertraighter\x64\debug\button.nativecodeanalysis.sarif
c:\users\ampac\documents\git_repositorios\ucm_repos\fightertraighter\mf-fightertraighter\mf-fightertraighter\x64\debug\button.nativecodeanalysis.xml
c:\users\ampac\documents\git_repositorios\ucm_repos\fightertraighter\mf-fightertraighter\mf-fightertraighter\x64\debug\app.nativecodeanalysis.sarif
c:\users\ampac\documents\git_repositorios\ucm_repos\fightertraighter\mf-fightertraighter\mf-fightertraighter\x64\debug\app.nativecodeanalysis.xml
c:\users\ampac\documents\git_repositorios\ucm_repos\fightertraighter\mf-fightertraighter\mf-fightertraighter\x64\debug\app.obj
c:\users\ampac\documents\git_repositorios\ucm_repos\fightertraighter\mf-fightertraighter\mf-fightertraighter\x64\debug\button.obj
c:\users\ampac\documents\git_repositorios\ucm_repos\fightertraighter\mf-fightertraighter\mf-fightertraighter\x64\debug\characterselection.obj
c:\users\ampac\documents\git_repositorios\ucm_repos\fightertraighter\mf-fightertraighter\mf-fightertraighter\x64\debug\component.obj
c:\users\ampac\documents\git_repositorios\ucm_repos\fightertraighter\mf-fightertraighter\mf-fightertraighter\x64\debug\entity.obj
c:\users\ampac\documents\git_repositorios\ucm_repos\fightertraighter\mf-fightertraighter\mf-fightertraighter\x64\debug\fight.obj
c:\users\ampac\documents\git_repositorios\ucm_repos\fightertraighter\mf-fightertraighter\mf-fightertraighter\x64\debug\gamestate.obj
c:\users\ampac\documents\git_repositorios\ucm_repos\fightertraighter\mf-fightertraighter\mf-fightertraighter\x64\debug\main.obj
c:\users\ampac\documents\git_repositorios\ucm_repos\fightertraighter\mf-fightertraighter\mf-fightertraighter\x64\debug\mainmenu.obj
c:\users\ampac\documents\git_repositorios\ucm_repos\fightertraighter\mf-fightertraighter\mf-fightertraighter\x64\debug\pausemenu.obj
c:\users\ampac\documents\git_repositorios\ucm_repos\fightertraighter\mf-fightertraighter\mf-fightertraighter\x64\debug\renderanimation.obj
c:\users\ampac\documents\git_repositorios\ucm_repos\fightertraighter\mf-fightertraighter\mf-fightertraighter\x64\debug\renderimage.obj
c:\users\ampac\documents\git_repositorios\ucm_repos\fightertraighter\mf-fightertraighter\mf-fightertraighter\x64\debug\skillselection.obj
c:\users\ampac\documents\git_repositorios\ucm_repos\fightertraighter\mf-fightertraighter\mf-fightertraighter\x64\debug\texture.obj
c:\users\ampac\documents\git_repositorios\ucm_repos\fightertraighter\mf-fightertraighter\mf-fightertraighter\x64\debug\training.obj
c:\users\ampac\documents\git_repositorios\ucm_repos\fightertraighter\mf-fightertraighter\mf-fightertraighter\x64\debug\transform.obj
c:\users\ampac\documents\git_repositorios\ucm_repos\fightertraighter\mf-fightertraighter\mf-fightertraighter\x64\debug\vector2d.obj
c:\users\ampac\documents\git_repositorios\ucm_repos\fightertraighter\mf-fightertraighter\mf-fightertraighter\x64\debug\mf-fight.43e1a6eb.tlog\cl.command.1.tlog
c:\users\ampac\documents\git_repositorios\ucm_repos\fightertraighter\mf-fightertraighter\mf-fightertraighter\x64\debug\mf-fight.43e1a6eb.tlog\cl.read.1.tlog
c:\users\ampac\documents\git_repositorios\ucm_repos\fightertraighter\mf-fightertraighter\mf-fightertraighter\x64\debug\mf-fight.43e1a6eb.tlog\cl.write.1.tlog
