c:\users\pablo\desktop\pablo\2º\2ºcuatri\proyectosii\fightertraighter\mf-fightertraighter\mf-fightertraighter\x64\debug\vc142.pdb
c:\users\pablo\desktop\pablo\2º\2ºcuatri\proyectosii\fightertraighter\mf-fightertraighter\mf-fightertraighter\x64\debug\vc142.idb
c:\users\pablo\desktop\pablo\2º\2ºcuatri\proyectosii\fightertraighter\mf-fightertraighter\mf-fightertraighter\x64\debug\vector2d.obj
c:\users\pablo\desktop\pablo\2º\2ºcuatri\proyectosii\fightertraighter\mf-fightertraighter\mf-fightertraighter\x64\debug\transform.obj
c:\users\pablo\desktop\pablo\2º\2ºcuatri\proyectosii\fightertraighter\mf-fightertraighter\mf-fightertraighter\x64\debug\training.obj
c:\users\pablo\desktop\pablo\2º\2ºcuatri\proyectosii\fightertraighter\mf-fightertraighter\mf-fightertraighter\x64\debug\texture.obj
c:\users\pablo\desktop\pablo\2º\2ºcuatri\proyectosii\fightertraighter\mf-fightertraighter\mf-fightertraighter\x64\debug\skillselection.obj
c:\users\pablo\desktop\pablo\2º\2ºcuatri\proyectosii\fightertraighter\mf-fightertraighter\mf-fightertraighter\x64\debug\renderimage.obj
c:\users\pablo\desktop\pablo\2º\2ºcuatri\proyectosii\fightertraighter\mf-fightertraighter\mf-fightertraighter\x64\debug\renderanimation.obj
c:\users\pablo\desktop\pablo\2º\2ºcuatri\proyectosii\fightertraighter\mf-fightertraighter\mf-fightertraighter\x64\debug\pausemenu.obj
c:\users\pablo\desktop\pablo\2º\2ºcuatri\proyectosii\fightertraighter\mf-fightertraighter\mf-fightertraighter\x64\debug\mainmenu.obj
c:\users\pablo\desktop\pablo\2º\2ºcuatri\proyectosii\fightertraighter\mf-fightertraighter\mf-fightertraighter\x64\debug\main.obj
c:\users\pablo\desktop\pablo\2º\2ºcuatri\proyectosii\fightertraighter\mf-fightertraighter\mf-fightertraighter\x64\debug\gamestatemachine.obj
c:\users\pablo\desktop\pablo\2º\2ºcuatri\proyectosii\fightertraighter\mf-fightertraighter\mf-fightertraighter\x64\debug\gamestate.obj
c:\users\pablo\desktop\pablo\2º\2ºcuatri\proyectosii\fightertraighter\mf-fightertraighter\mf-fightertraighter\x64\debug\fight.obj
c:\users\pablo\desktop\pablo\2º\2ºcuatri\proyectosii\fightertraighter\mf-fightertraighter\mf-fightertraighter\x64\debug\entity.obj
c:\users\pablo\desktop\pablo\2º\2ºcuatri\proyectosii\fightertraighter\mf-fightertraighter\mf-fightertraighter\x64\debug\component.obj
c:\users\pablo\desktop\pablo\2º\2ºcuatri\proyectosii\fightertraighter\mf-fightertraighter\mf-fightertraighter\x64\debug\characterselection.obj
c:\users\pablo\desktop\pablo\2º\2ºcuatri\proyectosii\fightertraighter\mf-fightertraighter\mf-fightertraighter\x64\debug\button.obj
c:\users\pablo\desktop\pablo\2º\2ºcuatri\proyectosii\fightertraighter\mf-fightertraighter\mf-fightertraighter\x64\debug\app.obj
c:\users\pablo\desktop\pablo\2º\2ºcuatri\proyectosii\fightertraighter\mf-fightertraighter\x64\debug\mf-fightertraighter.pdb
c:\users\pablo\desktop\pablo\2º\2ºcuatri\proyectosii\fightertraighter\mf-fightertraighter\mf-fightertraighter\x64\debug\mf-fight.43e1a6eb.tlog\cl.command.1.tlog
c:\users\pablo\desktop\pablo\2º\2ºcuatri\proyectosii\fightertraighter\mf-fightertraighter\mf-fightertraighter\x64\debug\mf-fight.43e1a6eb.tlog\cl.read.1.tlog
c:\users\pablo\desktop\pablo\2º\2ºcuatri\proyectosii\fightertraighter\mf-fightertraighter\mf-fightertraighter\x64\debug\mf-fight.43e1a6eb.tlog\cl.write.1.tlog
c:\users\pablo\desktop\pablo\2º\2ºcuatri\proyectosii\fightertraighter\mf-fightertraighter\mf-fightertraighter\x64\debug\mf-fight.43e1a6eb.tlog\link-cvtres.read.1.tlog
c:\users\pablo\desktop\pablo\2º\2ºcuatri\proyectosii\fightertraighter\mf-fightertraighter\mf-fightertraighter\x64\debug\mf-fight.43e1a6eb.tlog\link-cvtres.write.1.tlog
c:\users\pablo\desktop\pablo\2º\2ºcuatri\proyectosii\fightertraighter\mf-fightertraighter\mf-fightertraighter\x64\debug\mf-fight.43e1a6eb.tlog\link-rc.read.1.tlog
c:\users\pablo\desktop\pablo\2º\2ºcuatri\proyectosii\fightertraighter\mf-fightertraighter\mf-fightertraighter\x64\debug\mf-fight.43e1a6eb.tlog\link-rc.write.1.tlog
c:\users\pablo\desktop\pablo\2º\2ºcuatri\proyectosii\fightertraighter\mf-fightertraighter\mf-fightertraighter\x64\debug\mf-fight.43e1a6eb.tlog\link.command.1.tlog
c:\users\pablo\desktop\pablo\2º\2ºcuatri\proyectosii\fightertraighter\mf-fightertraighter\mf-fightertraighter\x64\debug\mf-fight.43e1a6eb.tlog\link.read.1.tlog
c:\users\pablo\desktop\pablo\2º\2ºcuatri\proyectosii\fightertraighter\mf-fightertraighter\mf-fightertraighter\x64\debug\mf-fight.43e1a6eb.tlog\link.write.1.tlog
